<?xml version="1.0" encoding="UTF-8"?>
<testsuite xmlns:xsi="http://www.w3.org/2001/XMLSchema-instance" xsi:noNamespaceSchemaLocation="https://maven.apache.org/surefire/maven-surefire-plugin/xsd/surefire-test-report.xsd" name="API.GetUser" time="2.559" tests="1" errors="0" skipped="0" failures="1">
  <properties>
    <property name="sun.desktop" value="windows"/>
    <property name="awt.toolkit" value="sun.awt.windows.WToolkit"/>
    <property name="file.encoding.pkg" value="sun.io"/>
    <property name="java.specification.version" value="1.8"/>
    <property name="sun.cpu.isalist" value="amd64"/>
    <property name="sun.jnu.encoding" value="Cp1252"/>
    <property name="java.class.path" value="D:\BER\KAIST\SEM6\PPL3\PRAKTIK\week10\APITesting\target\test-classes;D:\BER\KAIST\SEM6\PPL3\PRAKTIK\week10\APITesting\target\classes;C:\Users\Berliana Elfada\.m2\repository\junit\junit\4.11\junit-4.11.jar;C:\Users\Berliana Elfada\.m2\repository\org\hamcrest\hamcrest-core\1.3\hamcrest-core-1.3.jar;C:\Users\Berliana Elfada\.m2\repository\io\rest-assured\rest-assured\4.4.0\rest-assured-4.4.0.jar;C:\Users\Berliana Elfada\.m2\repository\org\codehaus\groovy\groovy\3.0.8\groovy-3.0.8.jar;C:\Users\Berliana Elfada\.m2\repository\org\codehaus\groovy\groovy-xml\3.0.8\groovy-xml-3.0.8.jar;C:\Users\Berliana Elfada\.m2\repository\org\apache\httpcomponents\httpclient\4.5.13\httpclient-4.5.13.jar;C:\Users\Berliana Elfada\.m2\repository\org\apache\httpcomponents\httpcore\4.4.13\httpcore-4.4.13.jar;C:\Users\Berliana Elfada\.m2\repository\commons-logging\commons-logging\1.2\commons-logging-1.2.jar;C:\Users\Berliana Elfada\.m2\repository\commons-codec\commons-codec\1.11\commons-codec-1.11.jar;C:\Users\Berliana Elfada\.m2\repository\org\apache\httpcomponents\httpmime\4.5.13\httpmime-4.5.13.jar;C:\Users\Berliana Elfada\.m2\repository\org\hamcrest\hamcrest\2.1\hamcrest-2.1.jar;C:\Users\Berliana Elfada\.m2\repository\org\ccil\cowan\tagsoup\tagsoup\1.2.1\tagsoup-1.2.1.jar;C:\Users\Berliana Elfada\.m2\repository\io\rest-assured\json-path\4.4.0\json-path-4.4.0.jar;C:\Users\Berliana Elfada\.m2\repository\org\codehaus\groovy\groovy-json\3.0.8\groovy-json-3.0.8.jar;C:\Users\Berliana Elfada\.m2\repository\io\rest-assured\rest-assured-common\4.4.0\rest-assured-common-4.4.0.jar;C:\Users\Berliana Elfada\.m2\repository\io\rest-assured\xml-path\4.4.0\xml-path-4.4.0.jar;C:\Users\Berliana Elfada\.m2\repository\org\apache\commons\commons-lang3\3.11\commons-lang3-3.11.jar;C:\Users\Berliana Elfada\.m2\repository\jakarta\xml\bind\jakarta.xml.bind-api\2.3.3\jakarta.xml.bind-api-2.3.3.jar;C:\Users\Berliana Elfada\.m2\repository\jakarta\activation\jakarta.activation-api\1.2.2\jakarta.activation-api-1.2.2.jar;C:\Users\Berliana Elfada\.m2\repository\com\sun\xml\bind\jaxb-impl\2.3.3\jaxb-impl-2.3.3.jar;"/>
    <property name="java.vm.vendor" value="Azul Systems, Inc."/>
    <property name="sun.arch.data.model" value="64"/>
    <property name="user.variant" value=""/>
    <property name="java.vendor.url" value="http://www.azul.com/"/>
    <property name="user.timezone" value="Asia/Bangkok"/>
    <property name="java.vm.specification.version" value="1.8"/>
    <property name="os.name" value="Windows 11"/>
    <property name="user.country" value="US"/>
    <property name="sun.java.launcher" value="SUN_STANDARD"/>
    <property name="sun.boot.library.path" value="C:\Program Files\Zulu\zulu-8\jre\bin"/>
    <property name="sun.java.command" value="C:\Users\BERLIA~1\AppData\Local\Temp\surefire7581664934687982502\surefirebooter253563626167332065.jar C:\Users\Berliana Elfada\AppData\Local\Temp\surefire7581664934687982502 2024-05-04T13-13-05_343-jvmRun1 surefire4895471456267919206tmp surefire_0158802443241686709tmp"/>
    <property name="test" value="GetUser"/>
    <property name="surefire.test.class.path" value="D:\BER\KAIST\SEM6\PPL3\PRAKTIK\week10\APITesting\target\test-classes;D:\BER\KAIST\SEM6\PPL3\PRAKTIK\week10\APITesting\target\classes;C:\Users\Berliana Elfada\.m2\repository\junit\junit\4.11\junit-4.11.jar;C:\Users\Berliana Elfada\.m2\repository\org\hamcrest\hamcrest-core\1.3\hamcrest-core-1.3.jar;C:\Users\Berliana Elfada\.m2\repository\io\rest-assured\rest-assured\4.4.0\rest-assured-4.4.0.jar;C:\Users\Berliana Elfada\.m2\repository\org\codehaus\groovy\groovy\3.0.8\groovy-3.0.8.jar;C:\Users\Berliana Elfada\.m2\repository\org\codehaus\groovy\groovy-xml\3.0.8\groovy-xml-3.0.8.jar;C:\Users\Berliana Elfada\.m2\repository\org\apache\httpcomponents\httpclient\4.5.13\httpclient-4.5.13.jar;C:\Users\Berliana Elfada\.m2\repository\org\apache\httpcomponents\httpcore\4.4.13\httpcore-4.4.13.jar;C:\Users\Berliana Elfada\.m2\repository\commons-logging\commons-logging\1.2\commons-logging-1.2.jar;C:\Users\Berliana Elfada\.m2\repository\commons-codec\commons-codec\1.11\commons-codec-1.11.jar;C:\Users\Berliana Elfada\.m2\repository\org\apache\httpcomponents\httpmime\4.5.13\httpmime-4.5.13.jar;C:\Users\Berliana Elfada\.m2\repository\org\hamcrest\hamcrest\2.1\hamcrest-2.1.jar;C:\Users\Berliana Elfada\.m2\repository\org\ccil\cowan\tagsoup\tagsoup\1.2.1\tagsoup-1.2.1.jar;C:\Users\Berliana Elfada\.m2\repository\io\rest-assured\json-path\4.4.0\json-path-4.4.0.jar;C:\Users\Berliana Elfada\.m2\repository\org\codehaus\groovy\groovy-json\3.0.8\groovy-json-3.0.8.jar;C:\Users\Berliana Elfada\.m2\repository\io\rest-assured\rest-assured-common\4.4.0\rest-assured-common-4.4.0.jar;C:\Users\Berliana Elfada\.m2\repository\io\rest-assured\xml-path\4.4.0\xml-path-4.4.0.jar;C:\Users\Berliana Elfada\.m2\repository\org\apache\commons\commons-lang3\3.11\commons-lang3-3.11.jar;C:\Users\Berliana Elfada\.m2\repository\jakarta\xml\bind\jakarta.xml.bind-api\2.3.3\jakarta.xml.bind-api-2.3.3.jar;C:\Users\Berliana Elfada\.m2\repository\jakarta\activation\jakarta.activation-api\1.2.2\jakarta.activation-api-1.2.2.jar;C:\Users\Berliana Elfada\.m2\repository\com\sun\xml\bind\jaxb-impl\2.3.3\jaxb-impl-2.3.3.jar;"/>
    <property name="sun.cpu.endian" value="little"/>
    <property name="user.home" value="C:\Users\Berliana Elfada"/>
    <property name="user.language" value="en"/>
    <property name="java.specification.vendor" value="Oracle Corporation"/>
    <property name="java.home" value="C:\Program Files\Zulu\zulu-8\jre"/>
    <property name="basedir" value="D:\BER\KAIST\SEM6\PPL3\PRAKTIK\week10\APITesting"/>
    <property name="file.separator" value="\"/>
    <property name="line.separator" value="&#10;"/>
    <property name="jdk.vendor.version" value="Zulu 8.72.0.17-CA-win64"/>
    <property name="java.vm.specification.vendor" value="Oracle Corporation"/>
    <property name="java.specification.name" value="Java Platform API Specification"/>
    <property name="java.awt.graphicsenv" value="sun.awt.Win32GraphicsEnvironment"/>
    <property name="surefire.real.class.path" value="C:\Users\BERLIA~1\AppData\Local\Temp\surefire7581664934687982502\surefirebooter253563626167332065.jar"/>
    <property name="sun.boot.class.path" value="C:\Program Files\Zulu\zulu-8\jre\lib\resources.jar;C:\Program Files\Zulu\zulu-8\jre\lib\rt.jar;C:\Program Files\Zulu\zulu-8\jre\lib\sunrsasign.jar;C:\Program Files\Zulu\zulu-8\jre\lib\jsse.jar;C:\Program Files\Zulu\zulu-8\jre\lib\jce.jar;C:\Program Files\Zulu\zulu-8\jre\lib\charsets.jar;C:\Program Files\Zulu\zulu-8\jre\lib\jfr.jar;C:\Program Files\Zulu\zulu-8\jre\lib\cat.jar;C:\Program Files\Zulu\zulu-8\jre\classes"/>
    <property name="user.script" value=""/>
    <property name="sun.management.compiler" value="HotSpot 64-Bit Tiered Compilers"/>
    <property name="java.runtime.version" value="1.8.0_382-b05"/>
    <property name="user.name" value="Berliana Elfada"/>
    <property name="path.separator" value=";"/>
    <property name="os.version" value="10.0"/>
    <property name="java.endorsed.dirs" value="C:\Program Files\Zulu\zulu-8\jre\lib\endorsed"/>
    <property name="java.runtime.name" value="OpenJDK Runtime Environment"/>
    <property name="file.encoding" value="Cp1252"/>
    <property name="java.vm.name" value="OpenJDK 64-Bit Server VM"/>
    <property name="localRepository" value="C:\Users\Berliana Elfada\.m2\repository"/>
    <property name="java.vendor.url.bug" value="http://www.azul.com/support/"/>
    <property name="java.io.tmpdir" value="C:\Users\BERLIA~1\AppData\Local\Temp\"/>
    <property name="java.version" value="1.8.0_382"/>
    <property name="user.dir" value="D:\BER\KAIST\SEM6\PPL3\PRAKTIK\week10\APITesting"/>
    <property name="os.arch" value="amd64"/>
    <property name="java.vm.specification.name" value="Java Virtual Machine Specification"/>
    <property name="java.awt.printerjob" value="sun.awt.windows.WPrinterJob"/>
    <property name="sun.os.patch.level" value=""/>
    <property name="java.library.path" value="C:\Program Files\Zulu\zulu-8\jre\bin;C:\WINDOWS\Sun\Java\bin;C:\WINDOWS\system32;C:\WINDOWS;C:\Program Files\Zulu\zulu-8\bin\;C:\Program Files\Zulu\zulu-8\bin;C:\Program Files\Java\jdk-17;C:\Program Files\Maven\apache-maven-3.9.4\bin;C:\Program Files\Maven\apache-maven-3.9.4;C:\Users\Berliana Elfada\AppData\Local\Programs\Python\Python310;C:\Users\Berliana Elfada\AppData\Local\Programs\Python\Python310;C:\Program Files (x86)\Microsoft Visual Studio\BuildTools\VC\Tools\MSVC\14.38.33130\bin\Hostx64\x64;C:\oraclexe\app\oracle\product\11.2.0\server\bin;C:\Program Files\Common Files\Oracle\Java\javapath;C:\Program Files (x86)\Common Files\Oracle\Java\javapath;C:\Program Files (x86)\Common Files\Intel\Shared Files\cpp\bin\Intel64;C:\Windows\system32;C:\Windows;C:\Windows\System32\Wbem;C:\Windows\System32\WindowsPowerShell\v1.0\;C:\Windows\System32\OpenSSH\;C:\Program Files (x86)\NVIDIA Corporation\PhysX\Common;C:\Program Files\NVIDIA Corporation\NVIDIA NvDLISR;C:\WINDOWS\system32;C:\WINDOWS;C:\WINDOWS\System32\Wbem;C:\WINDOWS\System32\WindowsPowerShell\v1.0\;C:\WINDOWS\System32\OpenSSH\;C:\Program Files\Git\cmd;C:\Program Files\PuTTY\;C:\ProgramData\chocolatey\bin;D:\swipl\bin;C:\Program Files\Microsoft SQL Server\130\Tools\Binn\;D:\neo4j\bin;C:\Program Files\Go\bin;C:\Program Files\nodejs\;C:\xampp\php;C:\ProgramData\ComposerSetup\bin;C:\Program Files\CMake\bin;C:\Program Files\Docker\Docker\resources\bin;C:\Users\Berliana Elfada\AppData\Local\Programs\Python\Python310;C:\Users\Berliana Elfada\AppData\Local\Programs\Python\Python310\Scripts;C:\oraclexe\app\oracle\product\11.2.0\server\bin;C:\Program Files\Java\jdk-17;C:\Program Files\Common Files\Oracle\Java\javapath;C:\Users\Berliana Elfada\AppData\Local\Programs\Microsoft VS Code\bin;C:\Program Files (x86)\Common Files\Intel\Shared Files\cpp\bin\Intel64;C:\Windows\system32;C:\Windows;C:\Windows\System32\Wbem;C:\Windows\System32\WindowsPowerShell\v1.0\;C:\Windows\System32\OpenSSH\;C:\Program Files (x86)\NVIDIA Corporation\PhysX\Common;C:\Program Files\NVIDIA Corporation\NVIDIA NvDLISR;C:\WINDOWS\system32;C:\WINDOWS;C:\WINDOWS\System32\Wbem;C:\WINDOWS\System32\WindowsPowerShell\v1.0\;C:\WINDOWS\System32\OpenSSH\;C:\Program Files\Git\cmd;C:\Program Files\PuTTY\;C:\ProgramData\chocolatey\bin;D:\swipl\bin;C:\Program Files\dotnet\;C:\Program Files\Microsoft SQL Server\130\Tools\Binn\;C:\Progr;;."/>
    <property name="java.vm.info" value="mixed mode"/>
    <property name="java.vendor" value="Azul Systems, Inc."/>
    <property name="java.vm.version" value="25.382-b05"/>
    <property name="java.specification.maintenance.version" value="5"/>
    <property name="java.ext.dirs" value="C:\Program Files\Zulu\zulu-8\jre\lib\ext;C:\WINDOWS\Sun\Java\lib\ext"/>
    <property name="sun.io.unicode.encoding" value="UnicodeLittle"/>
    <property name="java.class.version" value="52.0"/>
  </properties>
  <testcase name="testGetUserDataWithValidAppIdAndValidUserId" classname="API.GetUser" time="2.538">
    <failure message="1 expectation failed.&#10;Expected status code &lt;200&gt; but was &lt;404&gt;.&#10;" type="java.lang.AssertionError"><![CDATA[java.lang.AssertionError: 
1 expectation failed.
Expected status code <200> but was <404>.

	at API.GetUser.testGetUserDataWithValidAppIdAndValidUserId(GetUser.java:28)
]]></failure>
  </testcase>
</testsuite>